<?xml version="1.0" encoding="UTF-8"?>
<!-- Generated by org.testng.reporters.JUnitXMLReporter -->
<testsuite ignored="6" hostname="akib-Inspiron-15-3567" failures="0" tests="1" name="Default test" time="12.448" errors="0" timestamp="2023-08-19T18:04:12 BDT">
  <testcase classname="testcases.OrderingEggs" name="ScrollingWebsite" time="12.393"/>
  <testcase classname="testcases.OrderingEggs" name="SearchBox" time="0.0">
    <ignored/>
  </testcase> <!-- SearchBox -->
  <testcase classname="testcases.OrderingEggs" name="SignInBtnFromHomePage" time="0.0">
    <ignored/>
  </testcase> <!-- SignInBtnFromHomePage -->
  <testcase classname="testcases.OrderingEggs" name="ChangeLanguageOption" time="0.0">
    <ignored/>
  </testcase> <!-- ChangeLanguageOption -->
  <testcase classname="testcases.OrderingEggs" name="HoveringOverLanguageOptions" time="0.0">
    <ignored/>
  </testcase> <!-- HoveringOverLanguageOptions -->
  <testcase classname="testcases.OrderingEggs" name="ChangeLocation" time="0.0">
    <ignored/>
  </testcase> <!-- ChangeLocation -->
  <testcase classname="testcases.OrderingEggs" name="OrderTesting" time="0.0">
    <ignored/>
  </testcase> <!-- OrderTesting -->
</testsuite> <!-- Default test -->
